<?xml version="1.0" ?><testsuite name="PointTest" time="0.018" timestamp="2024-05-14T09:59:10" tests="4" failures="0" skipped="0" aborted="0"><properties><property name="ant.library.dir" value="/Applications/IntelliJ IDEA.app/Contents/lib/ant/lib"></property><property name="ant.file.type" value="file"></property><property name="java.specification.version" value="21"></property><property name="lib" value="lib"></property><property name="main.source" value="src/main/java/"></property><property name="ant.project.name" value="lab3"></property><property name="team.dir" value="teamJars"></property><property name="sun.jnu.encoding" value="UTF-8"></property><property name="alt.source.dir" value="altSrc"></property><property name="java.class.path" value="/Users/vedzevgn/Library/Java/JavaVirtualMachines/corretto-21/Contents/Home!/java.base:/Users/vedzevgn/Library/Java/JavaVirtualMachines/corretto-21/Contents/Home!/java.compiler:/Users/vedzevgn/Library/Java/JavaVirtualMachines/corretto-21/Contents/Home!/java.datatransfer:/Users/vedzevgn/Library/Java/JavaVirtualMachines/corretto-21/Contents/Home!/java.desktop:/Users/vedzevgn/Library/Java/JavaVirtualMachines/corretto-21/Contents/Home!/java.instrument:/Users/vedzevgn/Library/Java/JavaVirtualMachines/corretto-21/Contents/Home!/java.logging:/Users/vedzevgn/Library/Java/JavaVirtualMachines/corretto-21/Contents/Home!/java.management:/Users/vedzevgn/Library/Java/JavaVirtualMachines/corretto-21/Contents/Home!/java.management.rmi:/Users/vedzevgn/Library/Java/JavaVirtualMachines/corretto-21/Contents/Home!/java.naming:/Users/vedzevgn/Library/Java/JavaVirtualMachines/corretto-21/Contents/Home!/java.net.http:/Users/vedzevgn/Library/Java/JavaVirtualMachines/corretto-21/Contents/Home!/java.prefs:/Users/vedzevgn/Library/Java/JavaVirtualMachines/corretto-21/Contents/Home!/java.rmi:/Users/vedzevgn/Library/Java/JavaVirtualMachines/corretto-21/Contents/Home!/java.scripting:/Users/vedzevgn/Library/Java/JavaVirtualMachines/corretto-21/Contents/Home!/java.se:/Users/vedzevgn/Library/Java/JavaVirtualMachines/corretto-21/Contents/Home!/java.security.jgss:/Users/vedzevgn/Library/Java/JavaVirtualMachines/corretto-21/Contents/Home!/java.security.sasl:/Users/vedzevgn/Library/Java/JavaVirtualMachines/corretto-21/Contents/Home!/java.smartcardio:/Users/vedzevgn/Library/Java/JavaVirtualMachines/corretto-21/Contents/Home!/java.sql:/Users/vedzevgn/Library/Java/JavaVirtualMachines/corretto-21/Contents/Home!/java.sql.rowset:/Users/vedzevgn/Library/Java/JavaVirtualMachines/corretto-21/Contents/Home!/java.transaction.xa:/Users/vedzevgn/Library/Java/JavaVirtualMachines/corretto-21/Contents/Home!/java.xml:/Users/vedzevgn/Library/Java/JavaVirtualMachines/corretto-21/Contents/Home!/java.xml.crypto:/Users/vedzevgn/Library/Java/JavaVirtualMachines/corretto-21/Contents/Home!/jdk.accessibility:/Users/vedzevgn/Library/Java/JavaVirtualMachines/corretto-21/Contents/Home!/jdk.attach:/Users/vedzevgn/Library/Java/JavaVirtualMachines/corretto-21/Contents/Home!/jdk.charsets:/Users/vedzevgn/Library/Java/JavaVirtualMachines/corretto-21/Contents/Home!/jdk.compiler:/Users/vedzevgn/Library/Java/JavaVirtualMachines/corretto-21/Contents/Home!/jdk.crypto.cryptoki:/Users/vedzevgn/Library/Java/JavaVirtualMachines/corretto-21/Contents/Home!/jdk.crypto.ec:/Users/vedzevgn/Library/Java/JavaVirtualMachines/corretto-21/Contents/Home!/jdk.dynalink:/Users/vedzevgn/Library/Java/JavaVirtualMachines/corretto-21/Contents/Home!/jdk.editpad:/Users/vedzevgn/Library/Java/JavaVirtualMachines/corretto-21/Contents/Home!/jdk.hotspot.agent:/Users/vedzevgn/Library/Java/JavaVirtualMachines/corretto-21/Contents/Home!/jdk.httpserver:/Users/vedzevgn/Library/Java/JavaVirtualMachines/corretto-21/Contents/Home!/jdk.incubator.vector:/Users/vedzevgn/Library/Java/JavaVirtualMachines/corretto-21/Contents/Home!/jdk.internal.ed:/Users/vedzevgn/Library/Java/JavaVirtualMachines/corretto-21/Contents/Home!/jdk.internal.jvmstat:/Users/vedzevgn/Library/Java/JavaVirtualMachines/corretto-21/Contents/Home!/jdk.internal.le:/Users/vedzevgn/Library/Java/JavaVirtualMachines/corretto-21/Contents/Home!/jdk.internal.opt:/Users/vedzevgn/Library/Java/JavaVirtualMachines/corretto-21/Contents/Home!/jdk.internal.vm.ci:/Users/vedzevgn/Library/Java/JavaVirtualMachines/corretto-21/Contents/Home!/jdk.internal.vm.compiler:/Users/vedzevgn/Library/Java/JavaVirtualMachines/corretto-21/Contents/Home!/jdk.internal.vm.compiler.management:/Users/vedzevgn/Library/Java/JavaVirtualMachines/corretto-21/Contents/Home!/jdk.jartool:/Users/vedzevgn/Library/Java/JavaVirtualMachines/corretto-21/Contents/Home!/jdk.javadoc:/Users/vedzevgn/Library/Java/JavaVirtualMachines/corretto-21/Contents/Home!/jdk.jcmd:/Users/vedzevgn/Library/Java/JavaVirtualMachines/corretto-21/Contents/Home!/jdk.jconsole:/Users/vedzevgn/Library/Java/JavaVirtualMachines/corretto-21/Contents/Home!/jdk.jdeps:/Users/vedzevgn/Library/Java/JavaVirtualMachines/corretto-21/Contents/Home!/jdk.jdi:/Users/vedzevgn/Library/Java/JavaVirtualMachines/corretto-21/Contents/Home!/jdk.jdwp.agent:/Users/vedzevgn/Library/Java/JavaVirtualMachines/corretto-21/Contents/Home!/jdk.jfr:/Users/vedzevgn/Library/Java/JavaVirtualMachines/corretto-21/Contents/Home!/jdk.jlink:/Users/vedzevgn/Library/Java/JavaVirtualMachines/corretto-21/Contents/Home!/jdk.jpackage:/Users/vedzevgn/Library/Java/JavaVirtualMachines/corretto-21/Contents/Home!/jdk.jshell:/Users/vedzevgn/Library/Java/JavaVirtualMachines/corretto-21/Contents/Home!/jdk.jsobject:/Users/vedzevgn/Library/Java/JavaVirtualMachines/corretto-21/Contents/Home!/jdk.jstatd:/Users/vedzevgn/Library/Java/JavaVirtualMachines/corretto-21/Contents/Home!/jdk.localedata:/Users/vedzevgn/Library/Java/JavaVirtualMachines/corretto-21/Contents/Home!/jdk.management:/Users/vedzevgn/Library/Java/JavaVirtualMachines/corretto-21/Contents/Home!/jdk.management.agent:/Users/vedzevgn/Library/Java/JavaVirtualMachines/corretto-21/Contents/Home!/jdk.management.jfr:/Users/vedzevgn/Library/Java/JavaVirtualMachines/corretto-21/Contents/Home!/jdk.naming.dns:/Users/vedzevgn/Library/Java/JavaVirtualMachines/corretto-21/Contents/Home!/jdk.naming.rmi:/Users/vedzevgn/Library/Java/JavaVirtualMachines/corretto-21/Contents/Home!/jdk.net:/Users/vedzevgn/Library/Java/JavaVirtualMachines/corretto-21/Contents/Home!/jdk.nio.mapmode:/Users/vedzevgn/Library/Java/JavaVirtualMachines/corretto-21/Contents/Home!/jdk.random:/Users/vedzevgn/Library/Java/JavaVirtualMachines/corretto-21/Contents/Home!/jdk.sctp:/Users/vedzevgn/Library/Java/JavaVirtualMachines/corretto-21/Contents/Home!/jdk.security.auth:/Users/vedzevgn/Library/Java/JavaVirtualMachines/corretto-21/Contents/Home!/jdk.security.jgss:/Users/vedzevgn/Library/Java/JavaVirtualMachines/corretto-21/Contents/Home!/jdk.unsupported:/Users/vedzevgn/Library/Java/JavaVirtualMachines/corretto-21/Contents/Home!/jdk.unsupported.desktop:/Users/vedzevgn/Library/Java/JavaVirtualMachines/corretto-21/Contents/Home!/jdk.xml.dom:/Users/vedzevgn/Library/Java/JavaVirtualMachines/corretto-21/Contents/Home!/jdk.zipfs:/Applications/IntelliJ IDEA.app/Contents/lib/ant/lib/ant.jar:/Applications/IntelliJ IDEA.app/Contents/lib/idea_rt.jar"></property><property name="java.vm.vendor" value="Amazon.com Inc."></property><property name="sun.arch.data.model" value="64"></property><property name="sha1.file" value="target/sha1"></property><property name="ant.file.lab3" value="/Users/vedzevgn/Documents/GitHub/web-lab3/build.xml"></property><property name="md5.file" value="target/md5"></property><property name="java.vendor.url" value="https://aws.amazon.com/corretto/"></property><property name="source.dir" value="src"></property><property name="os.name" value="Mac OS X"></property><property name="java.vm.specification.version" value="21"></property><property name="keystore" value="keystore"></property><property name="target.tests" value="target/tests"></property><property name="sun.java.launcher" value="SUN_STANDARD"></property><property name="user.country" value="BY"></property><property name="test.result.dir" value="test_result"></property><property name="sun.boot.library.path" value="/Users/vedzevgn/Library/Java/JavaVirtualMachines/corretto-21/Contents/Home/lib"></property><property name="sun.java.command" value="com.intellij.rt.ant.execution.AntMain2 -logger com.intellij.rt.ant.execution.IdeaAntLogger2 -inputhandler com.intellij.rt.ant.execution.IdeaInputHandler -buildfile /Users/vedzevgn/Documents/GitHub/web-lab3/build.xml report"></property><property name="jdk.debug" value="release"></property><property name="main.class" value="Main"></property><property name="sun.cpu.endian" value="little"></property><property name="user.home" value="/Users/vedzevgn"></property><property name="user.language" value="ru"></property><property name="sun.stderr.encoding" value="UTF-8"></property><property name="java.specification.vendor" value="Oracle Corporation"></property><property name="java.version.date" value="2023-09-19"></property><property name="java.home" value="/Users/vedzevgn/Library/Java/JavaVirtualMachines/corretto-21/Contents/Home"></property><property name="file.separator" value="/"></property><property name="basedir" value="/Users/vedzevgn/Documents/GitHub/web-lab3"></property><property name="java.vm.compressedOopsMode" value="Zero based"></property><property name="sun.stdout.encoding" value="UTF-8"></property><property name="line.separator" value="
"></property><property name="ant.java.version" value="21"></property><property name="java.vm.specification.vendor" value="Oracle Corporation"></property><property name="java.specification.name" value="Java Platform API Specification"></property><property name="doc.dir" value="doc"></property><property name="test.source" value="src/test/java/"></property><property name="lib.test" value="lib/test"></property><property name="apple.awt.application.name" value="AntMain2"></property><property name="sun.management.compiler" value="HotSpot 64-Bit Tiered Compilers"></property><property name="java.runtime.version" value="21+35-LTS"></property><property name="user.name" value="vedzevgn"></property><property name="ant.file" value="/Users/vedzevgn/Documents/GitHub/web-lab3/build.xml"></property><property name="stdout.encoding" value="UTF-8"></property><property name="path.separator" value=":"></property><property name="os.version" value="14.3.1"></property><property name="project.dir" value="."></property><property name="java.runtime.name" value="OpenJDK Runtime Environment"></property><property name="file.encoding" value="UTF-8"></property><property name="ant.project.invoked-targets" value="test"></property><property name="java.vm.name" value="OpenJDK 64-Bit Server VM"></property><property name="java.vendor.version" value="Corretto-21.0.0.35.1"></property><property name="target.classes" value="target/classes"></property><property name="dist.jar.name" value="lab3.jar"></property><property name="ant.core.lib" value="/Applications/IntelliJ IDEA.app/Contents/lib/ant/lib/ant.jar"></property><property name="java.vendor.url.bug" value="https://github.com/corretto/corretto-21/issues/"></property><property name="java.io.tmpdir" value="/var/folders/k0/w8gc0wt527n9w76qgml0t0y80000gn/T/"></property><property name="java.version" value="21"></property><property name="user.dir" value="/Users/vedzevgn/Documents/GitHub/web-lab3"></property><property name="os.arch" value="aarch64"></property><property name="distribution.dir" value="distribution"></property><property name="java.vm.specification.name" value="Java Virtual Machine Specification"></property><property name="ant.home" value="/Applications/IntelliJ IDEA.app/Contents/lib/ant"></property><property name="ant.file.type.lab3" value="file"></property><property name="target" value="target"></property><property name="native.encoding" value="US-ASCII"></property><property name="ant.version" value="Apache Ant(TM) version 1.10.12 compiled on October 13 2021"></property><property name="java.library.path" value="/Users/vedzevgn/Library/Java/Extensions:/Library/Java/Extensions:/Network/Library/Java/Extensions:/System/Library/Java/Extensions:/usr/lib/java:."></property><property name="java.vendor" value="Amazon.com Inc."></property><property name="stderr.encoding" value="UTF-8"></property><property name="java.vm.info" value="mixed mode, sharing"></property><property name="java.vm.version" value="21+35-LTS"></property><property name="sun.io.unicode.encoding" value="UnicodeBig"></property><property name="distribution.jar" value="distribution/lab3.jar"></property><property name="java.class.version" value="65.0"></property><property name="ant.project.default-target" value="build"></property></properties><testcase classname="PointTest" name="testCheckHit(Point)[1]" time="0.006"></testcase><testcase classname="PointTest" name="testCheckHit(Point)[2]" time="0.0"></testcase><testcase classname="PointTest" name="testCheckMiss(Point)[1]" time="0.0"></testcase><testcase classname="PointTest" name="testCheckMiss(Point)[2]" time="0.0"></testcase></testsuite>